[2026-04-18 23:45:40] Sistem başlatıldı.
[2026-04-19 00:00:02] Sistem başlatıldı.
[2026-04-19 00:03:51] Sistem başlatıldı.
[2026-04-19 00:04:32] Seçmen girişi: 341******14
[2026-04-19 00:05:05] Seçmen girişi: 250******48
[2026-04-19 00:05:25] Seçmen girişi: 427******24
[2026-04-19 00:12:05] Sistem güvenli modda başlatıldı.
[2026-04-19 00:12:22] Seçmen girişi başarılı: 442******70
[2026-04-19 00:12:31] Yönetici girişi yapıldı.
[2026-04-19 00:33:30] Sistem AES-256 korumasıyla başlatıldı.
[2026-04-19 00:35:01] Sistem AES-256 korumasıyla başlatıldı.
[2026-04-19 00:36:50] Sistem AES-256 korumasıyla başlatıldı.
[2026-04-19 00:41:12] Sistem AES-256 korumasıyla başlatıldı.
[2026-04-19 00:43:05] Sistem AES-256 korumasıyla başlatıldı.
[2026-04-19 14:17:59] Sistem AES-256 korumasıyla başlatıldı.
[2026-04-19 14:27:25] SİSTEM SIFIRLANDI.
[2026-04-19 14:49:47] Sistem AES-256 korumasıyla başlatıldı.
[2026-04-19 14:49:58] Seçmen girişi başarılı: 509******40
[2026-04-19 14:50:09] Yönetici girişi yapıldı.
[2026-04-19 14:50:15] Sandık açıldı ve sayım yapıldı.
[2026-04-19 14:53:24] Sistem AES-256 korumasıyla başlatıldı.
